DCs.AI logs initialized.\n[2025-11-08 18:42:59] Iniciando sistema DCs.AI (core).
[2025-11-08 18:42:59] DCSAutoCorrect: inicializando.
[2025-11-08 18:42:59] DCSAutoCorrect: ciclo 1/6 executado.
[2025-11-08 18:43:00] DCSAutoCorrect: ciclo 2/6 executado.
[2025-11-08 18:43:01] DCSAutoCorrect: ciclo 3/6 executado.
[2025-11-08 18:43:02] DCSAutoCorrect: ciclo 4/6 executado.
[2025-11-08 18:43:03] DCSAutoCorrect: ciclo 5/6 executado.
[2025-11-08 18:43:03] DCSAutoCorrect: ciclo 6/6 executado.
[2025-11-08 18:43:04] DCSAutoCorrect: concluido.
[2025-11-08 18:43:08] Execução principal concluída.
[2025-11-08 19:29:11] Iniciando sistema DCs.AI (core).
[2025-11-08 19:29:11] DCSAutoCorrect: inicializando.
[2025-11-08 19:29:11] DCSAutoCorrect: ciclo 1/10 executado.
[2025-11-08 19:29:12] DCSAutoCorrect: ciclo 2/10 executado.
[2025-11-08 19:29:13] DCSAutoCorrect: ciclo 3/10 executado.
[2025-11-08 19:29:14] DCSAutoCorrect: ciclo 4/10 executado.
[2025-11-08 19:29:15] DCSAutoCorrect: ciclo 5/10 executado.
[2025-11-08 19:29:16] DCSAutoCorrect: ciclo 6/10 executado.
[2025-11-08 19:29:17] DCSAutoCorrect: ciclo 7/10 executado.
[2025-11-08 19:29:18] DCSAutoCorrect: ciclo 8/10 executado.
[2025-11-08 19:29:19] DCSAutoCorrect: ciclo 9/10 executado.
[2025-11-08 19:29:20] DCSAutoCorrect: ciclo 10/10 executado.
[2025-11-08 19:29:21] DCSAutoCorrect: concluido.
[2025-11-08 19:30:40] Iniciando sistema DCs.AI (core).
[2025-11-08 19:30:40] DCSAutoCorrect: inicializando.
[2025-11-08 19:30:40] DCSAutoCorrect: ciclo 1/10 executado.
[2025-11-08 19:30:41] DCSAutoCorrect: ciclo 2/10 executado.
[2025-11-08 19:30:42] DCSAutoCorrect: ciclo 3/10 executado.
[2025-11-08 19:30:43] DCSAutoCorrect: ciclo 4/10 executado.
[2025-11-08 19:30:44] DCSAutoCorrect: ciclo 5/10 executado.
[2025-11-08 19:30:45] DCSAutoCorrect: ciclo 6/10 executado.
[2025-11-08 19:30:46] DCSAutoCorrect: ciclo 7/10 executado.
[2025-11-08 19:30:47] DCSAutoCorrect: ciclo 8/10 executado.
[2025-11-08 19:30:48] DCSAutoCorrect: ciclo 9/10 executado.
[2025-11-08 19:30:49] DCSAutoCorrect: ciclo 10/10 executado.
[2025-11-08 19:30:50] DCSAutoCorrect: concluido.
[2025-11-08 19:33:20] Iniciando sistema DCs.AI (core).
[2025-11-08 19:33:20] DCSAutoCorrect: inicializando.
[2025-11-08 19:33:20] DCSAutoCorrect: ciclo 1/10 executado.
[2025-11-08 19:33:21] DCSAutoCorrect: ciclo 2/10 executado.
[2025-11-08 19:33:22] DCSAutoCorrect: ciclo 3/10 executado.
[2025-11-08 19:33:23] DCSAutoCorrect: ciclo 4/10 executado.
[2025-11-08 19:33:24] DCSAutoCorrect: ciclo 5/10 executado.
[2025-11-08 19:33:25] DCSAutoCorrect: ciclo 6/10 executado.
[2025-11-08 19:33:26] DCSAutoCorrect: ciclo 7/10 executado.
[2025-11-08 19:33:27] DCSAutoCorrect: ciclo 8/10 executado.
[2025-11-08 19:33:28] DCSAutoCorrect: ciclo 9/10 executado.
[2025-11-08 19:33:29] DCSAutoCorrect: ciclo 10/10 executado.
[2025-11-08 19:33:30] DCSAutoCorrect: concluido.
[2025-11-08 19:34:32] Iniciando sistema DCs.AI (core).
[2025-11-08 19:34:32] DCSAutoCorrect: inicializando.
[2025-11-08 19:34:32] DCSAutoCorrect: ciclo 1/10 executado.
[2025-11-08 19:34:33] DCSAutoCorrect: ciclo 2/10 executado.
[2025-11-08 19:34:34] DCSAutoCorrect: ciclo 3/10 executado.
[2025-11-08 19:34:35] DCSAutoCorrect: ciclo 4/10 executado.
[2025-11-08 19:34:36] DCSAutoCorrect: ciclo 5/10 executado.
[2025-11-08 19:34:37] DCSAutoCorrect: ciclo 6/10 executado.
[2025-11-08 19:34:38] DCSAutoCorrect: ciclo 7/10 executado.
[2025-11-08 19:34:39] DCSAutoCorrect: ciclo 8/10 executado.
[2025-11-08 19:34:40] DCSAutoCorrect: ciclo 9/10 executado.
[2025-11-08 19:34:41] DCSAutoCorrect: ciclo 10/10 executado.
[2025-11-08 19:34:42] DCSAutoCorrect: concluido.
