[2025-11-08 10:39:03] 🔧 Iniciando sistema DCs.AI
[2025-11-08 10:39:03] ✅ Found dcs_main.py
[2025-11-08 10:39:03] ✅ Found dcs_panel.py
[2025-11-08 10:39:03] ✅ Found dcs_autocorrect.py
[2025-11-08 10:39:03] 🔁 Executando ciclo de estabilidade 1/3...
[2025-11-08 10:39:03] Status: CPU 11.4% | Mem 52.3%
[2025-11-08 10:39:04] 🔁 Executando ciclo de estabilidade 2/3...
[2025-11-08 10:39:05] Status: CPU 10.4% | Mem 52.6%
[2025-11-08 10:39:06] 🔁 Executando ciclo de estabilidade 3/3...
[2025-11-08 10:39:06] Status: CPU 22.3% | Mem 53.4%
[2025-11-08 10:39:07] ✅ Sistema considerado estável.
[2025-11-08 10:39:07] 🌙 Execução principal concluída.
[2025-11-08 10:40:56] 🔧 Iniciando sistema DCs.AI
[2025-11-08 10:40:56] ✅ Found dcs_main.py
[2025-11-08 10:40:56] ✅ Found dcs_panel.py
[2025-11-08 10:40:56] ✅ Found dcs_autocorrect.py
[2025-11-08 10:40:56] 🔁 Executando ciclo de estabilidade 1/3...
[2025-11-08 10:40:56] Status: CPU 1.5% | Mem 51.6%
[2025-11-08 10:40:57] 🔁 Executando ciclo de estabilidade 2/3...
[2025-11-08 10:40:58] Status: CPU 9.5% | Mem 51.6%
[2025-11-08 10:40:59] 🔁 Executando ciclo de estabilidade 3/3...
[2025-11-08 10:40:59] Status: CPU 8.5% | Mem 51.6%
[2025-11-08 10:41:00] ✅ Sistema considerado estável.
[2025-11-08 10:41:00] 🌙 Execução principal concluída.
[2025-11-08 10:41:24] 🔧 Iniciando sistema DCs.AI
[2025-11-08 10:41:24] ✅ Found dcs_main.py
[2025-11-08 10:41:24] ✅ Found dcs_panel.py
[2025-11-08 10:41:24] ✅ Found dcs_autocorrect.py
[2025-11-08 10:41:24] 🔁 Executando ciclo de estabilidade 1/3...
[2025-11-08 10:41:25] Status: CPU 7.5% | Mem 52.1%
[2025-11-08 10:41:26] 🔁 Executando ciclo de estabilidade 2/3...
[2025-11-08 10:41:26] Status: CPU 11.2% | Mem 52.0%
[2025-11-08 10:41:27] 🔁 Executando ciclo de estabilidade 3/3...
[2025-11-08 10:41:28] Status: CPU 8.6% | Mem 52.0%
[2025-11-08 10:41:29] ✅ Sistema considerado estável.
[2025-11-08 10:41:29] 🌙 Execução principal concluída.
[2025-11-08 10:57:08] 🔧 Iniciando sistema DCs.AI
[2025-11-08 10:57:08] ✅ Found dcs_main.py
[2025-11-08 10:57:08] ✅ Found dcs_panel.py
[2025-11-08 10:57:08] ✅ Found dcs_autocorrect.py
[2025-11-08 10:57:08] 🔁 Executando ciclo de estabilidade 1/3...
[2025-11-08 10:57:08] Status: CPU 8.1% | Mem 54.1%
[2025-11-08 10:57:09] 🔁 Executando ciclo de estabilidade 2/3...
[2025-11-08 10:57:10] Status: CPU 0.8% | Mem 53.9%
[2025-11-08 10:57:11] 🔁 Executando ciclo de estabilidade 3/3...
[2025-11-08 10:57:11] Status: CPU 6.0% | Mem 54.0%
[2025-11-08 10:57:12] ✅ Sistema considerado estável.
[2025-11-08 10:57:12] 🌙 Execução principal concluída.
[2025-11-08 11:06:05] 🔧 Iniciando sistema DCs.AI
[2025-11-08 11:06:05] ✅ Found dcs_main.py
[2025-11-08 11:06:05] ✅ Found dcs_panel.py
[2025-11-08 11:06:05] ✅ Found dcs_autocorrect.py
[2025-11-08 11:06:05] 🔁 Executando ciclo de estabilidade 1/3...
[2025-11-08 11:06:06] Status: CPU 14.4% | Mem 54.0%
[2025-11-08 11:06:07] 🔁 Executando ciclo de estabilidade 2/3...
[2025-11-08 11:06:07] Status: CPU 10.2% | Mem 53.5%
[2025-11-08 11:06:08] 🔁 Executando ciclo de estabilidade 3/3...
[2025-11-08 11:06:09] Status: CPU 2.9% | Mem 53.6%
[2025-11-08 11:06:10] ✅ Sistema considerado estável.
[2025-11-08 11:06:10] 🌙 Execução principal concluída.
[2025-11-08 11:06:50] 🔧 Iniciando sistema DCs.AI
[2025-11-08 11:06:50] ✅ Found dcs_main.py
[2025-11-08 11:06:50] ✅ Found dcs_panel.py
[2025-11-08 11:06:50] ✅ Found dcs_autocorrect.py
[2025-11-08 11:06:50] 🔁 Executando ciclo de estabilidade 1/3...
[2025-11-08 11:06:51] Status: CPU 13.7% | Mem 55.0%
[2025-11-08 11:06:52] 🔁 Executando ciclo de estabilidade 2/3...
[2025-11-08 11:06:52] Status: CPU 12.0% | Mem 54.5%
[2025-11-08 11:06:53] 🔁 Executando ciclo de estabilidade 3/3...
[2025-11-08 11:06:54] Status: CPU 1.0% | Mem 54.4%
[2025-11-08 11:06:55] ✅ Sistema considerado estável.
[2025-11-08 11:06:55] 🌙 Execução principal concluída.
[2025-11-08 11:16:07] 🔧 Iniciando sistema DCs.AI
[2025-11-08 11:16:07] ✅ Found dcs_main.py
[2025-11-08 11:16:07] ✅ Found dcs_panel.py
[2025-11-08 11:16:07] ✅ Found dcs_autocorrect.py
[2025-11-08 11:16:07] 🔁 Executando ciclo de estabilidade 1/3...
[2025-11-08 11:16:08] Status: CPU 13.3% | Mem 56.0%
[2025-11-08 11:16:09] 🔁 Executando ciclo de estabilidade 2/3...
[2025-11-08 11:16:09] Status: CPU 15.7% | Mem 55.4%
[2025-11-08 11:16:10] 🔁 Executando ciclo de estabilidade 3/3...
[2025-11-08 11:16:11] Status: CPU 28.0% | Mem 55.3%
[2025-11-08 11:16:12] ✅ Sistema considerado estável.
[2025-11-08 11:16:12] 🌙 Execução principal concluída.
[2025-11-08 11:16:56] 🔧 Iniciando sistema DCs.AI
[2025-11-08 11:16:56] ✅ Found dcs_main.py
[2025-11-08 11:16:56] ✅ Found dcs_panel.py
[2025-11-08 11:16:56] ✅ Found dcs_autocorrect.py
[2025-11-08 11:16:56] 🔁 Executando ciclo de estabilidade 1/3...
[2025-11-08 11:16:56] Status: CPU 10.1% | Mem 55.5%
[2025-11-08 11:16:57] 🔁 Executando ciclo de estabilidade 2/3...
[2025-11-08 11:16:58] Status: CPU 9.2% | Mem 55.2%
[2025-11-08 11:16:59] 🔁 Executando ciclo de estabilidade 3/3...
[2025-11-08 11:17:00] Status: CPU 6.9% | Mem 55.2%
[2025-11-08 11:17:01] ✅ Sistema considerado estável.
[2025-11-08 11:17:01] 🌙 Execução principal concluída.
[2025-11-08 11:26:04] 🔧 Iniciando sistema DCs.AI
[2025-11-08 11:26:04] ✅ Found dcs_main.py
[2025-11-08 11:26:04] ✅ Found dcs_panel.py
[2025-11-08 11:26:04] ✅ Found dcs_autocorrect.py
[2025-11-08 11:26:04] 🔁 Executando ciclo de estabilidade 1/3...
[2025-11-08 11:26:04] Status: CPU 2.4% | Mem 56.0%
[2025-11-08 11:26:05] 🔁 Executando ciclo de estabilidade 2/3...
[2025-11-08 11:26:06] Status: CPU 13.8% | Mem 57.0%
[2025-11-08 11:26:07] 🔁 Executando ciclo de estabilidade 3/3...
[2025-11-08 11:26:07] Status: CPU 4.4% | Mem 56.1%
[2025-11-08 11:26:08] ✅ Sistema considerado estável.
[2025-11-08 11:26:08] 🌙 Execução principal concluída.
[2025-11-08 11:26:47] 🔧 Iniciando sistema DCs.AI
[2025-11-08 11:26:47] ✅ Found dcs_main.py
[2025-11-08 11:26:47] ✅ Found dcs_panel.py
[2025-11-08 11:26:47] ✅ Found dcs_autocorrect.py
[2025-11-08 11:26:47] 🔁 Executando ciclo de estabilidade 1/3...
[2025-11-08 11:26:47] Status: CPU 2.1% | Mem 55.3%
[2025-11-08 11:26:48] 🔁 Executando ciclo de estabilidade 2/3...
[2025-11-08 11:26:49] Status: CPU 1.6% | Mem 55.3%
[2025-11-08 11:26:50] 🔁 Executando ciclo de estabilidade 3/3...
[2025-11-08 11:26:50] Status: CPU 13.3% | Mem 55.4%
[2025-11-08 11:26:51] ✅ Sistema considerado estável.
[2025-11-08 11:26:51] 🌙 Execução principal concluída.
[2025-11-08 11:26:59] 🔧 Iniciando sistema DCs.AI
[2025-11-08 11:26:59] ✅ Found dcs_main.py
[2025-11-08 11:26:59] ✅ Found dcs_panel.py
[2025-11-08 11:26:59] ✅ Found dcs_autocorrect.py
[2025-11-08 11:26:59] 🔁 Executando ciclo de estabilidade 1/3...
[2025-11-08 11:27:00] Status: CPU 12.7% | Mem 55.4%
[2025-11-08 11:27:01] 🔁 Executando ciclo de estabilidade 2/3...
[2025-11-08 11:27:01] Status: CPU 23.9% | Mem 56.5%
[2025-11-08 11:27:02] 🔁 Executando ciclo de estabilidade 3/3...
[2025-11-08 11:27:03] Status: CPU 11.6% | Mem 55.9%
[2025-11-08 11:27:04] ✅ Sistema considerado estável.
[2025-11-08 11:27:04] 🌙 Execução principal concluída.
[2025-11-08 14:55:36] 🔧 Iniciando sistema DCs.AI
