------------------------------------------------------------
DCs.AI - Sessão Cinemática Iniciada
Data: 08/11/2025  Hora: 13:22:22,17
Núcleo: Ativo
Painel: Iniciado com Pulso Digital
Autocorreção: Sincronizada
------------------------------------------------------------
------------------------------------------------------------
DCs.AI - Sessão Cinemática Iniciada
Data: 08/11/2025  Hora: 13:45:22,16
Núcleo: Ativo
Painel: Iniciado com Pulso Digital
Autocorreção: Sincronizada
------------------------------------------------------------
------------------------------------------------------------
DCs.AI - Sessão Cinemática Iniciada
Data: 11/11/2025  Hora: 17:33:44,20
Núcleo: Ativo
Painel: Iniciado com Pulso Digital
Autocorreção: Sincronizada
------------------------------------------------------------
